2024-07-31 21:43:29.407 [background-preinit] INFO  o.h.validator.internal.util.Version - HV000001: Hibernate Validator 8.0.1.Final
2024-07-31 21:43:31.182 [main] INFO  r.n.T.TransferMoneyApiApplication - Starting TransferMoneyApiApplication using Java 22 with PID 22128 (C:\Users\zarip\IdeaProjects\TransferMoneyAPI\target\classes started by zarip in C:\Users\zarip\IdeaProjects\TransferMoneyAPI)
2024-07-31 21:43:31.184 [main] DEBUG r.n.T.TransferMoneyApiApplication - Running with Spring Boot v3.2.5, Spring v6.1.6
2024-07-31 21:43:31.186 [main] INFO  r.n.T.TransferMoneyApiApplication - No active profile set, falling back to 1 default profile: "default"
2024-07-31 21:43:42.703 [main] INFO  o.s.b.w.e.tomcat.TomcatWebServer - Tomcat initialized with port 8081 (http)
2024-07-31 21:43:42.770 [main] INFO  o.a.coyote.http11.Http11NioProtocol - Initializing ProtocolHandler ["http-nio-8081"]
2024-07-31 21:43:42.777 [main] INFO  o.a.catalina.core.StandardService - Starting service [Tomcat]
2024-07-31 21:43:42.777 [main] INFO  o.a.catalina.core.StandardEngine - Starting Servlet engine: [Apache Tomcat/10.1.20]
2024-07-31 21:43:43.206 [main] INFO  o.a.c.c.C.[Tomcat].[localhost].[/] - Initializing Spring embedded WebApplicationContext
2024-07-31 21:43:43.209 [main] INFO  o.s.b.w.s.c.ServletWebServerApplicationContext - Root WebApplicationContext: initialization completed in 11659 ms
2024-07-31 21:43:45.723 [main] INFO  o.s.b.a.e.web.EndpointLinksResolver - Exposing 1 endpoint(s) beneath base path '/actuator'
2024-07-31 21:43:46.146 [main] INFO  o.a.coyote.http11.Http11NioProtocol - Starting ProtocolHandler ["http-nio-8081"]
2024-07-31 21:43:46.497 [main] INFO  o.s.b.w.e.tomcat.TomcatWebServer - Tomcat started on port 8081 (http) with context path ''
2024-07-31 21:43:46.614 [main] INFO  r.n.T.TransferMoneyApiApplication - Started TransferMoneyApiApplication in 22.487 seconds (process running for 32.837)
2024-07-31 21:46:08.288 [http-nio-8081-exec-2] INFO  o.a.c.c.C.[Tomcat].[localhost].[/] - Initializing Spring DispatcherServlet 'dispatcherServlet'
2024-07-31 21:46:08.289 [http-nio-8081-exec-2] INFO  o.s.web.servlet.DispatcherServlet - Initializing Servlet 'dispatcherServlet'
2024-07-31 21:46:08.291 [http-nio-8081-exec-2] INFO  o.s.web.servlet.DispatcherServlet - Completed initialization in 2 ms
2024-07-31 21:46:10.869 [http-nio-8081-exec-2] WARN  o.s.w.s.m.s.DefaultHandlerExceptionResolver - Resolved [org.springframework.web.bind.MethodArgumentNotValidException: Validation failed for argument [0] in public org.springframework.http.ResponseEntity<java.util.Map<java.lang.String, java.lang.Object>> ru.netology.TransferMoneyAPI.controller.TransferController.transferMoney(ru.netology.TransferMoneyAPI.dto.TransferDTO): [Field error in object 'transferDTO' on field 'cardFromCVV': rejected value [jgh]; codes [Pattern.transferDTO.cardFromCVV,Pattern.cardFromCVV,Pattern.java.lang.String,Pattern]; arguments [org.springframework.context.support.DefaultMessageSourceResolvable: codes [transferDTO.cardFromCVV,cardFromCVV]; arguments []; default message [cardFromCVV],[Ljakarta.validation.constraints.Pattern$Flag;@6bd954aa,^\d{3}$]; default message [CVC должен содержать только цифры]] ]
2024-07-31 21:51:40.731 [http-nio-8081-exec-5] INFO  r.n.T.controller.TransferController - Получен запрос на перевод: TransferDTO{cardFromNumber='2222111133334444', cardFromValidTill='0226', cardFromCVV='123', cardToNumber='2222111133334444', amount=ru.netology.TransferMoneyAPI.models.Amount@711c8578}
2024-07-31 21:51:40.753 [http-nio-8081-exec-5] DEBUG r.n.TransferMoneyAPI.mapper.Mapper - Преобразование DTO в модель запроса на перевод: TransferDTO{cardFromNumber='2222111133334444', cardFromValidTill='0226', cardFromCVV='123', cardToNumber='2222111133334444', amount=ru.netology.TransferMoneyAPI.models.Amount@711c8578}
2024-07-31 21:51:40.753 [http-nio-8081-exec-5] DEBUG r.n.TransferMoneyAPI.mapper.Mapper - Преобразование завершено: ru.netology.TransferMoneyAPI.models.TransferRequest@14f98948
2024-07-31 21:51:40.771 [http-nio-8081-exec-5] INFO  r.n.T.dao.TransferRepository - Сохранен новый запрос на перевод с ID: 30532394-0758-410c-9933-2fe04e5ad25b
2024-07-31 21:51:40.775 [http-nio-8081-exec-5] INFO  r.n.T.service.TransferService - Operation ID: 30532394-0758-410c-9933-2fe04e5ad25b
Data and time: 2024-07-31 21:51:40
cardFromNumber: 2222111133334444
cardToNumber: 2222111133334444
amount: 1 USD
Success
2024-07-31 21:51:40.776 [http-nio-8081-exec-5] INFO  r.n.T.controller.TransferController - Новый запрос на перевод сохранен с ID: 30532394-0758-410c-9933-2fe04e5ad25b
