2024-07-30 15:52:22.323 [background-preinit] INFO  o.h.validator.internal.util.Version - HV000001: Hibernate Validator 8.0.1.Final
2024-07-30 15:52:32.857 [main] INFO  r.n.T.TransferMoneyApiApplication - Starting TransferMoneyApiApplication using Java 22 with PID 12792 (C:\Users\zarip\IdeaProjects\TransferMoneyAPI\target\classes started by zarip in C:\Users\zarip\IdeaProjects\TransferMoneyAPI)
2024-07-30 15:52:32.860 [main] DEBUG r.n.T.TransferMoneyApiApplication - Running with Spring Boot v3.2.5, Spring v6.1.6
2024-07-30 15:52:32.862 [main] INFO  r.n.T.TransferMoneyApiApplication - No active profile set, falling back to 1 default profile: "default"
2024-07-30 15:52:48.306 [main] INFO  o.s.b.w.e.tomcat.TomcatWebServer - Tomcat initialized with port 8081 (http)
2024-07-30 15:52:48.557 [main] INFO  o.a.coyote.http11.Http11NioProtocol - Initializing ProtocolHandler ["http-nio-8081"]
2024-07-30 15:52:48.580 [main] INFO  o.a.catalina.core.StandardService - Starting service [Tomcat]
2024-07-30 15:52:48.580 [main] INFO  o.a.catalina.core.StandardEngine - Starting Servlet engine: [Apache Tomcat/10.1.20]
2024-07-30 15:52:49.060 [main] INFO  o.a.c.c.C.[Tomcat].[localhost].[/] - Initializing Spring embedded WebApplicationContext
2024-07-30 15:52:49.062 [main] INFO  o.s.b.w.s.c.ServletWebServerApplicationContext - Root WebApplicationContext: initialization completed in 15190 ms
2024-07-30 15:52:53.607 [main] INFO  o.s.b.a.e.web.EndpointLinksResolver - Exposing 1 endpoint(s) beneath base path '/actuator'
2024-07-30 15:52:53.896 [main] INFO  o.a.coyote.http11.Http11NioProtocol - Starting ProtocolHandler ["http-nio-8081"]
2024-07-30 15:52:54.197 [main] INFO  o.s.b.w.e.tomcat.TomcatWebServer - Tomcat started on port 8081 (http) with context path ''
2024-07-30 15:52:54.227 [main] INFO  r.n.T.TransferMoneyApiApplication - Started TransferMoneyApiApplication in 36.37 seconds (process running for 41.557)
2024-07-30 15:55:51.660 [http-nio-8081-exec-2] INFO  o.a.c.c.C.[Tomcat].[localhost].[/] - Initializing Spring DispatcherServlet 'dispatcherServlet'
2024-07-30 15:55:51.662 [http-nio-8081-exec-2] INFO  o.s.web.servlet.DispatcherServlet - Initializing Servlet 'dispatcherServlet'
2024-07-30 15:55:51.663 [http-nio-8081-exec-2] INFO  o.s.web.servlet.DispatcherServlet - Completed initialization in 1 ms
2024-07-30 15:55:52.828 [http-nio-8081-exec-2] INFO  r.n.T.controller.TransferController - Получен запрос на перевод: TransferDTO{cardFromNumber='string', cardFromValidTill='string', cardFromCVV='string', cardToNumber='string', amount=ru.netology.TransferMoneyAPI.models.Amount@5312ef1d}
2024-07-30 15:55:52.846 [http-nio-8081-exec-2] DEBUG r.n.TransferMoneyAPI.mapper.Mapper - Преобразование DTO в модель запроса на перевод: TransferDTO{cardFromNumber='string', cardFromValidTill='string', cardFromCVV='string', cardToNumber='string', amount=ru.netology.TransferMoneyAPI.models.Amount@5312ef1d}
2024-07-30 15:55:52.847 [http-nio-8081-exec-2] DEBUG r.n.TransferMoneyAPI.mapper.Mapper - Преобразование завершено: ru.netology.TransferMoneyAPI.models.TransferRequest@16ffda51
2024-07-30 15:55:52.937 [http-nio-8081-exec-2] INFO  r.n.T.dao.TransferRepository - Сохранен новый запрос на перевод с ID: 5c0398fa-f98c-45d7-86aa-d6b74e346e07
2024-07-30 15:55:52.941 [http-nio-8081-exec-2] INFO  r.n.T.service.TransferService - Operation ID: 5c0398fa-f98c-45d7-86aa-d6b74e346e07
Data and time: 2024-07-30 15:55:52
cardFromNumber: string
cardToNumber: string
amount: 0 string
Success
2024-07-30 15:55:52.941 [http-nio-8081-exec-2] INFO  r.n.T.controller.TransferController - Новый запрос на перевод сохранен с ID: 5c0398fa-f98c-45d7-86aa-d6b74e346e07
2024-07-30 16:27:15.856 [background-preinit] INFO  o.h.validator.internal.util.Version - HV000001: Hibernate Validator 8.0.1.Final
2024-07-30 16:27:16.327 [main] INFO  r.n.T.TransferMoneyApiApplication - Starting TransferMoneyApiApplication using Java 22 with PID 5320 (C:\Users\zarip\IdeaProjects\TransferMoneyAPI\target\classes started by zarip in C:\Users\zarip\IdeaProjects\TransferMoneyAPI)
2024-07-30 16:27:16.328 [main] DEBUG r.n.T.TransferMoneyApiApplication - Running with Spring Boot v3.2.5, Spring v6.1.6
2024-07-30 16:27:16.330 [main] INFO  r.n.T.TransferMoneyApiApplication - No active profile set, falling back to 1 default profile: "default"
2024-07-30 16:27:21.335 [main] INFO  o.s.b.w.e.tomcat.TomcatWebServer - Tomcat initialized with port 8081 (http)
2024-07-30 16:27:21.363 [main] INFO  o.a.coyote.http11.Http11NioProtocol - Initializing ProtocolHandler ["http-nio-8081"]
2024-07-30 16:27:21.387 [main] INFO  o.a.catalina.core.StandardService - Starting service [Tomcat]
2024-07-30 16:27:21.388 [main] INFO  o.a.catalina.core.StandardEngine - Starting Servlet engine: [Apache Tomcat/10.1.20]
2024-07-30 16:27:21.581 [main] INFO  o.a.c.c.C.[Tomcat].[localhost].[/] - Initializing Spring embedded WebApplicationContext
2024-07-30 16:27:21.583 [main] INFO  o.s.b.w.s.c.ServletWebServerApplicationContext - Root WebApplicationContext: initialization completed in 5119 ms
2024-07-30 16:27:23.534 [main] INFO  o.s.b.a.e.web.EndpointLinksResolver - Exposing 1 endpoint(s) beneath base path '/actuator'
2024-07-30 16:27:23.717 [main] INFO  o.a.coyote.http11.Http11NioProtocol - Starting ProtocolHandler ["http-nio-8081"]
2024-07-30 16:27:23.813 [main] INFO  o.s.b.w.e.tomcat.TomcatWebServer - Tomcat started on port 8081 (http) with context path ''
2024-07-30 16:27:23.846 [main] INFO  r.n.T.TransferMoneyApiApplication - Started TransferMoneyApiApplication in 10.318 seconds (process running for 12.129)
2024-07-30 16:27:32.131 [http-nio-8081-exec-1] INFO  o.a.c.c.C.[Tomcat].[localhost].[/] - Initializing Spring DispatcherServlet 'dispatcherServlet'
2024-07-30 16:27:32.131 [http-nio-8081-exec-1] INFO  o.s.web.servlet.DispatcherServlet - Initializing Servlet 'dispatcherServlet'
2024-07-30 16:27:32.133 [http-nio-8081-exec-1] INFO  o.s.web.servlet.DispatcherServlet - Completed initialization in 1 ms
2024-07-30 16:27:32.604 [http-nio-8081-exec-1] INFO  r.n.T.controller.TransferController - Получен запрос на перевод: TransferDTO{cardFromNumber='string', cardFromValidTill='string', cardFromCVV='string', cardToNumber='string', amount=ru.netology.TransferMoneyAPI.models.Amount@6533c159}
2024-07-30 16:27:32.607 [http-nio-8081-exec-1] DEBUG r.n.TransferMoneyAPI.mapper.Mapper - Преобразование DTO в модель запроса на перевод: TransferDTO{cardFromNumber='string', cardFromValidTill='string', cardFromCVV='string', cardToNumber='string', amount=ru.netology.TransferMoneyAPI.models.Amount@6533c159}
2024-07-30 16:27:32.608 [http-nio-8081-exec-1] DEBUG r.n.TransferMoneyAPI.mapper.Mapper - Преобразование завершено: ru.netology.TransferMoneyAPI.models.TransferRequest@4357b1a6
2024-07-30 16:27:32.609 [http-nio-8081-exec-1] INFO  r.n.T.dao.TransferRepository - Сохранен новый запрос на перевод с ID: a8a32518-2756-4b1d-9281-7302816bb6f3
2024-07-30 16:27:32.612 [http-nio-8081-exec-1] INFO  r.n.T.service.TransferService - Operation ID: a8a32518-2756-4b1d-9281-7302816bb6f3
Data and time: 2024-07-30 16:27:32
cardFromNumber: string
cardToNumber: string
amount: 0 string
Success
2024-07-30 16:27:32.612 [http-nio-8081-exec-1] INFO  r.n.T.controller.TransferController - Новый запрос на перевод сохранен с ID: a8a32518-2756-4b1d-9281-7302816bb6f3
2024-07-30 16:32:46.954 [background-preinit] INFO  o.h.validator.internal.util.Version - HV000001: Hibernate Validator 8.0.1.Final
2024-07-30 16:32:47.363 [main] INFO  r.n.T.TransferMoneyApiApplication - Starting TransferMoneyApiApplication using Java 22 with PID 5140 (C:\Users\zarip\IdeaProjects\TransferMoneyAPI\target\classes started by zarip in C:\Users\zarip\IdeaProjects\TransferMoneyAPI)
2024-07-30 16:32:47.365 [main] DEBUG r.n.T.TransferMoneyApiApplication - Running with Spring Boot v3.2.5, Spring v6.1.6
2024-07-30 16:32:47.374 [main] INFO  r.n.T.TransferMoneyApiApplication - No active profile set, falling back to 1 default profile: "default"
2024-07-30 16:32:52.784 [main] INFO  o.s.b.w.e.tomcat.TomcatWebServer - Tomcat initialized with port 8081 (http)
2024-07-30 16:32:52.817 [main] INFO  o.a.coyote.http11.Http11NioProtocol - Initializing ProtocolHandler ["http-nio-8081"]
2024-07-30 16:32:52.822 [main] INFO  o.a.catalina.core.StandardService - Starting service [Tomcat]
2024-07-30 16:32:52.822 [main] INFO  o.a.catalina.core.StandardEngine - Starting Servlet engine: [Apache Tomcat/10.1.20]
2024-07-30 16:32:53.112 [main] INFO  o.a.c.c.C.[Tomcat].[localhost].[/] - Initializing Spring embedded WebApplicationContext
2024-07-30 16:32:53.115 [main] INFO  o.s.b.w.s.c.ServletWebServerApplicationContext - Root WebApplicationContext: initialization completed in 5606 ms
2024-07-30 16:32:55.039 [main] INFO  o.s.b.a.e.web.EndpointLinksResolver - Exposing 1 endpoint(s) beneath base path '/actuator'
2024-07-30 16:32:55.250 [main] INFO  o.a.coyote.http11.Http11NioProtocol - Starting ProtocolHandler ["http-nio-8081"]
2024-07-30 16:32:55.316 [main] INFO  o.s.b.w.e.tomcat.TomcatWebServer - Tomcat started on port 8081 (http) with context path ''
2024-07-30 16:32:55.443 [main] INFO  r.n.T.TransferMoneyApiApplication - Started TransferMoneyApiApplication in 9.995 seconds (process running for 11.147)
2024-07-30 16:33:00.694 [http-nio-8081-exec-2] INFO  o.a.c.c.C.[Tomcat].[localhost].[/] - Initializing Spring DispatcherServlet 'dispatcherServlet'
2024-07-30 16:33:00.695 [http-nio-8081-exec-2] INFO  o.s.web.servlet.DispatcherServlet - Initializing Servlet 'dispatcherServlet'
2024-07-30 16:33:00.697 [http-nio-8081-exec-2] INFO  o.s.web.servlet.DispatcherServlet - Completed initialization in 1 ms
2024-07-30 16:33:01.409 [http-nio-8081-exec-2] WARN  o.s.w.s.m.s.DefaultHandlerExceptionResolver - Resolved [org.springframework.web.bind.MethodArgumentNotValidException: Validation failed for argument [0] in public org.springframework.http.ResponseEntity<java.util.Map<java.lang.String, java.lang.Object>> ru.netology.TransferMoneyAPI.controller.TransferController.transferMoney(ru.netology.TransferMoneyAPI.dto.TransferDTO) with 8 errors: [Field error in object 'transferDTO' on field 'cardFromNumber': rejected value [string]; codes [Size.transferDTO.cardFromNumber,Size.cardFromNumber,Size.java.lang.String,Size]; arguments [org.springframework.context.support.DefaultMessageSourceResolvable: codes [transferDTO.cardFromNumber,cardFromNumber]; arguments []; default message [cardFromNumber],16,16]; default message [Номер карты должен содержать минимум 16 символов]] [Field error in object 'transferDTO' on field 'cardFromValidTill': rejected value [string]; codes [Pattern.transferDTO.cardFromValidTill,Pattern.cardFromValidTill,Pattern.java.lang.String,Pattern]; arguments [org.springframework.context.support.DefaultMessageSourceResolvable: codes [transferDTO.cardFromValidTill,cardFromValidTill]; arguments []; default message [cardFromValidTill],[Ljakarta.validation.constraints.Pattern$Flag;@5fef1e38,^(0[1-9]|1[0-2])\d{2}$]; default message [Срок действия карты должен быть в формате MMYY]] [Field error in object 'transferDTO' on field 'cardFromCVV': rejected value [string]; codes [Pattern.transferDTO.cardFromCVV,Pattern.cardFromCVV,Pattern.java.lang.String,Pattern]; arguments [org.springframework.context.support.DefaultMessageSourceResolvable: codes [transferDTO.cardFromCVV,cardFromCVV]; arguments []; default message [cardFromCVV],[Ljakarta.validation.constraints.Pattern$Flag;@5fef1e38,^\d{3}$]; default message [CVC должен содержать только цифры]] [Field error in object 'transferDTO' on field 'cardToNumber': rejected value [string]; codes [Pattern.transferDTO.cardToNumber,Pattern.cardToNumber,Pattern.java.lang.String,Pattern]; arguments [org.springframework.context.support.DefaultMessageSourceResolvable: codes [transferDTO.cardToNumber,cardToNumber]; arguments []; default message [cardToNumber],[Ljakarta.validation.constraints.Pattern$Flag;@5fef1e38,^2\d{15}$]; default message [Номер карты должен начинаться с '2' и содержать только цифры]] [Field error in object 'transferDTO' on field 'cardToNumber': rejected value [string]; codes [Size.transferDTO.cardToNumber,Size.cardToNumber,Size.java.lang.String,Size]; arguments [org.springframework.context.support.DefaultMessageSourceResolvable: codes [transferDTO.cardToNumber,cardToNumber]; arguments []; default message [cardToNumber],16,16]; default message [Номер карты получателя должен содержать минимум 16 символов]] [Field error in object 'transferDTO' on field 'cardFromValidTill': rejected value [string]; codes [Size.transferDTO.cardFromValidTill,Size.cardFromValidTill,Size.java.lang.String,Size]; arguments [org.springframework.context.support.DefaultMessageSourceResolvable: codes [transferDTO.cardFromValidTill,cardFromValidTill]; arguments []; default message [cardFromValidTill],4,4]; default message [Срок действия карты должен содержать минимум 4 символа]] [Field error in object 'transferDTO' on field 'cardFromNumber': rejected value [string]; codes [Pattern.transferDTO.cardFromNumber,Pattern.cardFromNumber,Pattern.java.lang.String,Pattern]; arguments [org.springframework.context.support.DefaultMessageSourceResolvable: codes [transferDTO.cardFromNumber,cardFromNumber]; arguments []; default message [cardFromNumber],[Ljakarta.validation.constraints.Pattern$Flag;@5fef1e38,^2\d{15}$]; default message [Номер карты должен начинаться с '2' и содержать только цифры]] [Field error in object 'transferDTO' on field 'cardFromCVV': rejected value [string]; codes [Size.transferDTO.cardFromCVV,Size.cardFromCVV,Size.java.lang.String,Size]; arguments [org.springframework.context.support.DefaultMessageSourceResolvable: codes [transferDTO.cardFromCVV,cardFromCVV]; arguments []; default message [cardFromCVV],3,3]; default message [CVC должен содержать минимум 3 символа]] ]
2024-07-30 16:51:55.797 [background-preinit] INFO  o.h.validator.internal.util.Version - HV000001: Hibernate Validator 8.0.1.Final
2024-07-30 16:51:56.578 [main] INFO  r.n.T.TransferMoneyApiApplication - Starting TransferMoneyApiApplication using Java 22 with PID 21148 (C:\Users\zarip\IdeaProjects\TransferMoneyAPI\target\classes started by zarip in C:\Users\zarip\IdeaProjects\TransferMoneyAPI)
2024-07-30 16:51:56.579 [main] DEBUG r.n.T.TransferMoneyApiApplication - Running with Spring Boot v3.2.5, Spring v6.1.6
2024-07-30 16:51:56.581 [main] INFO  r.n.T.TransferMoneyApiApplication - No active profile set, falling back to 1 default profile: "default"
2024-07-30 16:52:05.346 [main] INFO  o.s.b.w.e.tomcat.TomcatWebServer - Tomcat initialized with port 8081 (http)
2024-07-30 16:52:05.389 [main] INFO  o.a.coyote.http11.Http11NioProtocol - Initializing ProtocolHandler ["http-nio-8081"]
2024-07-30 16:52:05.413 [main] INFO  o.a.catalina.core.StandardService - Starting service [Tomcat]
2024-07-30 16:52:05.414 [main] INFO  o.a.catalina.core.StandardEngine - Starting Servlet engine: [Apache Tomcat/10.1.20]
2024-07-30 16:52:05.715 [main] INFO  o.a.c.c.C.[Tomcat].[localhost].[/] - Initializing Spring embedded WebApplicationContext
2024-07-30 16:52:05.717 [main] INFO  o.s.b.w.s.c.ServletWebServerApplicationContext - Root WebApplicationContext: initialization completed in 8729 ms
2024-07-30 16:52:07.605 [main] INFO  o.s.b.a.e.web.EndpointLinksResolver - Exposing 1 endpoint(s) beneath base path '/actuator'
2024-07-30 16:52:07.723 [main] INFO  o.a.coyote.http11.Http11NioProtocol - Starting ProtocolHandler ["http-nio-8081"]
2024-07-30 16:52:07.968 [main] INFO  o.s.b.w.e.tomcat.TomcatWebServer - Tomcat started on port 8081 (http) with context path ''
2024-07-30 16:52:07.995 [main] INFO  r.n.T.TransferMoneyApiApplication - Started TransferMoneyApiApplication in 15.825 seconds (process running for 18.885)
2024-07-30 16:53:02.339 [http-nio-8081-exec-1] INFO  o.a.c.c.C.[Tomcat].[localhost].[/] - Initializing Spring DispatcherServlet 'dispatcherServlet'
2024-07-30 16:53:02.342 [http-nio-8081-exec-1] INFO  o.s.web.servlet.DispatcherServlet - Initializing Servlet 'dispatcherServlet'
2024-07-30 16:53:02.344 [http-nio-8081-exec-1] INFO  o.s.web.servlet.DispatcherServlet - Completed initialization in 1 ms
2024-07-30 16:53:03.041 [http-nio-8081-exec-1] WARN  o.s.w.s.m.s.DefaultHandlerExceptionResolver - Resolved [org.springframework.web.bind.MethodArgumentNotValidException: Validation failed for argument [0] in public org.springframework.http.ResponseEntity<java.util.Map<java.lang.String, java.lang.Object>> ru.netology.TransferMoneyAPI.controller.TransferController.transferMoney(ru.netology.TransferMoneyAPI.dto.TransferDTO) with 6 errors: [Field error in object 'transferDTO' on field 'cardFromValidTill': rejected value [string]; codes [Size.transferDTO.cardFromValidTill,Size.cardFromValidTill,Size.java.lang.String,Size]; arguments [org.springframework.context.support.DefaultMessageSourceResolvable: codes [transferDTO.cardFromValidTill,cardFromValidTill]; arguments []; default message [cardFromValidTill],4,4]; default message [Срок действия карты должен содержать минимум 4 символа]] [Field error in object 'transferDTO' on field 'cardToNumber': rejected value [string]; codes [Size.transferDTO.cardToNumber,Size.cardToNumber,Size.java.lang.String,Size]; arguments [org.springframework.context.support.DefaultMessageSourceResolvable: codes [transferDTO.cardToNumber,cardToNumber]; arguments []; default message [cardToNumber],16,16]; default message [Номер карты получателя должен содержать минимум 16 символов]] [Field error in object 'transferDTO' on field 'cardFromCVV': rejected value [string]; codes [Size.transferDTO.cardFromCVV,Size.cardFromCVV,Size.java.lang.String,Size]; arguments [org.springframework.context.support.DefaultMessageSourceResolvable: codes [transferDTO.cardFromCVV,cardFromCVV]; arguments []; default message [cardFromCVV],3,3]; default message [CVC должен содержать минимум 3 символа]] [Field error in object 'transferDTO' on field 'cardFromCVV': rejected value [string]; codes [Pattern.transferDTO.cardFromCVV,Pattern.cardFromCVV,Pattern.java.lang.String,Pattern]; arguments [org.springframework.context.support.DefaultMessageSourceResolvable: codes [transferDTO.cardFromCVV,cardFromCVV]; arguments []; default message [cardFromCVV],[Ljakarta.validation.constraints.Pattern$Flag;@5ad2a819,^\d{3}$]; default message [CVC должен содержать только цифры]] [Field error in object 'transferDTO' on field 'cardToNumber': rejected value [string]; codes [Pattern.transferDTO.cardToNumber,Pattern.cardToNumber,Pattern.java.lang.String,Pattern]; arguments [org.springframework.context.support.DefaultMessageSourceResolvable: codes [transferDTO.cardToNumber,cardToNumber]; arguments []; default message [cardToNumber],[Ljakarta.validation.constraints.Pattern$Flag;@5ad2a819,^2\d{15}$]; default message [Номер карты должен начинаться с '2' и содержать только цифры]] [Field error in object 'transferDTO' on field 'cardFromValidTill': rejected value [string]; codes [Pattern.transferDTO.cardFromValidTill,Pattern.cardFromValidTill,Pattern.java.lang.String,Pattern]; arguments [org.springframework.context.support.DefaultMessageSourceResolvable: codes [transferDTO.cardFromValidTill,cardFromValidTill]; arguments []; default message [cardFromValidTill],[Ljakarta.validation.constraints.Pattern$Flag;@5ad2a819,^(0[1-9]|1[0-2])\d{2}$]; default message [Срок действия карты должен быть в формате MMYY]] ]
2024-07-30 16:53:11.682 [http-nio-8081-exec-4] WARN  o.s.w.s.m.s.DefaultHandlerExceptionResolver - Resolved [org.springframework.web.bind.MethodArgumentNotValidException: Validation failed for argument [0] in public org.springframework.http.ResponseEntity<java.util.Map<java.lang.String, java.lang.Object>> ru.netology.TransferMoneyAPI.controller.TransferController.transferMoney(ru.netology.TransferMoneyAPI.dto.TransferDTO) with 6 errors: [Field error in object 'transferDTO' on field 'cardToNumber': rejected value [string]; codes [Pattern.transferDTO.cardToNumber,Pattern.cardToNumber,Pattern.java.lang.String,Pattern]; arguments [org.springframework.context.support.DefaultMessageSourceResolvable: codes [transferDTO.cardToNumber,cardToNumber]; arguments []; default message [cardToNumber],[Ljakarta.validation.constraints.Pattern$Flag;@5ad2a819,^2\d{15}$]; default message [Номер карты должен начинаться с '2' и содержать только цифры]] [Field error in object 'transferDTO' on field 'cardFromCVV': rejected value [string]; codes [Size.transferDTO.cardFromCVV,Size.cardFromCVV,Size.java.lang.String,Size]; arguments [org.springframework.context.support.DefaultMessageSourceResolvable: codes [transferDTO.cardFromCVV,cardFromCVV]; arguments []; default message [cardFromCVV],3,3]; default message [CVC должен содержать минимум 3 символа]] [Field error in object 'transferDTO' on field 'cardFromValidTill': rejected value [2222111133334444]; codes [Pattern.transferDTO.cardFromValidTill,Pattern.cardFromValidTill,Pattern.java.lang.String,Pattern]; arguments [org.springframework.context.support.DefaultMessageSourceResolvable: codes [transferDTO.cardFromValidTill,cardFromValidTill]; arguments []; default message [cardFromValidTill],[Ljakarta.validation.constraints.Pattern$Flag;@5ad2a819,^(0[1-9]|1[0-2])\d{2}$]; default message [Срок действия карты должен быть в формате MMYY]] [Field error in object 'transferDTO' on field 'cardToNumber': rejected value [string]; codes [Size.transferDTO.cardToNumber,Size.cardToNumber,Size.java.lang.String,Size]; arguments [org.springframework.context.support.DefaultMessageSourceResolvable: codes [transferDTO.cardToNumber,cardToNumber]; arguments []; default message [cardToNumber],16,16]; default message [Номер карты получателя должен содержать минимум 16 символов]] [Field error in object 'transferDTO' on field 'cardFromValidTill': rejected value [2222111133334444]; codes [Size.transferDTO.cardFromValidTill,Size.cardFromValidTill,Size.java.lang.String,Size]; arguments [org.springframework.context.support.DefaultMessageSourceResolvable: codes [transferDTO.cardFromValidTill,cardFromValidTill]; arguments []; default message [cardFromValidTill],4,4]; default message [Срок действия карты должен содержать минимум 4 символа]] [Field error in object 'transferDTO' on field 'cardFromCVV': rejected value [string]; codes [Pattern.transferDTO.cardFromCVV,Pattern.cardFromCVV,Pattern.java.lang.String,Pattern]; arguments [org.springframework.context.support.DefaultMessageSourceResolvable: codes [transferDTO.cardFromCVV,cardFromCVV]; arguments []; default message [cardFromCVV],[Ljakarta.validation.constraints.Pattern$Flag;@5ad2a819,^\d{3}$]; default message [CVC должен содержать только цифры]] ]
2024-07-30 16:53:18.644 [http-nio-8081-exec-6] WARN  o.s.w.s.m.s.DefaultHandlerExceptionResolver - Resolved [org.springframework.web.bind.MethodArgumentNotValidException: Validation failed for argument [0] in public org.springframework.http.ResponseEntity<java.util.Map<java.lang.String, java.lang.Object>> ru.netology.TransferMoneyAPI.controller.TransferController.transferMoney(ru.netology.TransferMoneyAPI.dto.TransferDTO) with 4 errors: [Field error in object 'transferDTO' on field 'cardToNumber': rejected value [string]; codes [Pattern.transferDTO.cardToNumber,Pattern.cardToNumber,Pattern.java.lang.String,Pattern]; arguments [org.springframework.context.support.DefaultMessageSourceResolvable: codes [transferDTO.cardToNumber,cardToNumber]; arguments []; default message [cardToNumber],[Ljakarta.validation.constraints.Pattern$Flag;@5ad2a819,^2\d{15}$]; default message [Номер карты должен начинаться с '2' и содержать только цифры]] [Field error in object 'transferDTO' on field 'cardFromValidTill': rejected value [2222111133334444]; codes [Pattern.transferDTO.cardFromValidTill,Pattern.cardFromValidTill,Pattern.java.lang.String,Pattern]; arguments [org.springframework.context.support.DefaultMessageSourceResolvable: codes [transferDTO.cardFromValidTill,cardFromValidTill]; arguments []; default message [cardFromValidTill],[Ljakarta.validation.constraints.Pattern$Flag;@5ad2a819,^(0[1-9]|1[0-2])\d{2}$]; default message [Срок действия карты должен быть в формате MMYY]] [Field error in object 'transferDTO' on field 'cardToNumber': rejected value [string]; codes [Size.transferDTO.cardToNumber,Size.cardToNumber,Size.java.lang.String,Size]; arguments [org.springframework.context.support.DefaultMessageSourceResolvable: codes [transferDTO.cardToNumber,cardToNumber]; arguments []; default message [cardToNumber],16,16]; default message [Номер карты получателя должен содержать минимум 16 символов]] [Field error in object 'transferDTO' on field 'cardFromValidTill': rejected value [2222111133334444]; codes [Size.transferDTO.cardFromValidTill,Size.cardFromValidTill,Size.java.lang.String,Size]; arguments [org.springframework.context.support.DefaultMessageSourceResolvable: codes [transferDTO.cardFromValidTill,cardFromValidTill]; arguments []; default message [cardFromValidTill],4,4]; default message [Срок действия карты должен содержать минимум 4 символа]] ]
2024-07-30 16:53:53.570 [http-nio-8081-exec-8] INFO  r.n.T.controller.TransferController - Получен запрос на перевод: TransferDTO{cardFromNumber='2222111133334444', cardFromValidTill='0226', cardFromCVV='123', cardToNumber='2222111133334444', amount=ru.netology.TransferMoneyAPI.models.Amount@3a0cbc13}
2024-07-30 16:53:53.587 [http-nio-8081-exec-8] DEBUG r.n.TransferMoneyAPI.mapper.Mapper - Преобразование DTO в модель запроса на перевод: TransferDTO{cardFromNumber='2222111133334444', cardFromValidTill='0226', cardFromCVV='123', cardToNumber='2222111133334444', amount=ru.netology.TransferMoneyAPI.models.Amount@3a0cbc13}
2024-07-30 16:53:53.587 [http-nio-8081-exec-8] DEBUG r.n.TransferMoneyAPI.mapper.Mapper - Преобразование завершено: ru.netology.TransferMoneyAPI.models.TransferRequest@15b35130
2024-07-30 16:53:53.612 [http-nio-8081-exec-8] INFO  r.n.T.dao.TransferRepository - Сохранен новый запрос на перевод с ID: f23c5a63-0c1a-4b59-84d4-cc6bcca6e004
2024-07-30 16:53:53.614 [http-nio-8081-exec-8] INFO  r.n.T.service.TransferService - Operation ID: f23c5a63-0c1a-4b59-84d4-cc6bcca6e004
Data and time: 2024-07-30 16:53:53
cardFromNumber: 2222111133334444
cardToNumber: 2222111133334444
amount: 1 USD
Success
2024-07-30 16:53:53.614 [http-nio-8081-exec-8] INFO  r.n.T.controller.TransferController - Новый запрос на перевод сохранен с ID: f23c5a63-0c1a-4b59-84d4-cc6bcca6e004
