2024-07-28 15:35:50.103 [background-preinit] INFO  o.h.validator.internal.util.Version - HV000001: Hibernate Validator 8.0.1.Final
2024-07-28 15:35:50.633 [main] INFO  r.n.T.TransferMoneyApiApplication - Starting TransferMoneyApiApplication using Java 22 with PID 2292 (C:\Users\zarip\IdeaProjects\TransferMoneyAPI\target\classes started by zarip in C:\Users\zarip\IdeaProjects\TransferMoneyAPI)
2024-07-28 15:35:50.638 [main] DEBUG r.n.T.TransferMoneyApiApplication - Running with Spring Boot v3.2.5, Spring v6.1.6
2024-07-28 15:35:50.640 [main] INFO  r.n.T.TransferMoneyApiApplication - No active profile set, falling back to 1 default profile: "default"
2024-07-28 15:35:56.921 [main] INFO  o.s.b.w.e.tomcat.TomcatWebServer - Tomcat initialized with port 8081 (http)
2024-07-28 15:35:57.303 [main] INFO  o.s.b.w.s.c.ServletWebServerApplicationContext - Root WebApplicationContext: initialization completed in 6528 ms
2024-07-28 15:35:59.266 [main] INFO  o.s.b.a.e.web.EndpointLinksResolver - Exposing 1 endpoint(s) beneath base path '/actuator'
2024-07-28 15:35:59.608 [main] INFO  o.s.b.w.e.tomcat.TomcatWebServer - Tomcat started on port 8081 (http) with context path ''
2024-07-28 15:35:59.634 [main] INFO  r.n.T.TransferMoneyApiApplication - Started TransferMoneyApiApplication in 11.476 seconds (process running for 12.678)
2024-07-28 15:45:40.444 [http-nio-8081-exec-2] INFO  o.s.web.servlet.DispatcherServlet - Initializing Servlet 'dispatcherServlet'
2024-07-28 15:45:40.447 [http-nio-8081-exec-2] INFO  o.s.web.servlet.DispatcherServlet - Completed initialization in 1 ms
2024-07-28 15:45:42.550 [http-nio-8081-exec-2] INFO  r.n.T.controller.TransferController - Получен запрос на перевод: TransferDTO{cardFromNumber='string', cardFromValidTill='string', cardFromCVV='string', cardToNumber='string', amount=ru.netology.TransferMoneyAPI.models.Amount@7c4fdd37}
2024-07-28 15:45:42.639 [http-nio-8081-exec-2] DEBUG r.n.TransferMoneyAPI.mapper.Mapper - Преобразование DTO в модель запроса на перевод: TransferDTO{cardFromNumber='string', cardFromValidTill='string', cardFromCVV='string', cardToNumber='string', amount=ru.netology.TransferMoneyAPI.models.Amount@7c4fdd37}
2024-07-28 15:45:42.640 [http-nio-8081-exec-2] DEBUG r.n.TransferMoneyAPI.mapper.Mapper - Преобразование завершено: ru.netology.TransferMoneyAPI.models.TransferRequest@10444aa5
2024-07-28 15:45:42.802 [http-nio-8081-exec-2] INFO  r.n.T.dao.TransferRepository - Сохранен новый запрос на перевод с ID: 63b2b3da-1727-4794-b544-4d35ac1fc117
2024-07-28 15:45:42.807 [http-nio-8081-exec-2] INFO  r.n.T.service.TransferService - Operation ID: 63b2b3da-1727-4794-b544-4d35ac1fc117
Data and time: 2024-07-28 15:45:42
cardFromNumber: string
cardToNumber: string
amount: 0 string
Success
2024-07-28 15:45:42.810 [http-nio-8081-exec-2] INFO  r.n.T.controller.TransferController - Новый запрос на перевод сохранен с ID: 63b2b3da-1727-4794-b544-4d35ac1fc117
2024-07-28 15:58:11.663 [background-preinit] INFO  o.h.validator.internal.util.Version - HV000001: Hibernate Validator 8.0.1.Final
2024-07-28 15:58:12.127 [main] INFO  r.n.T.TransferMoneyApiApplication - Starting TransferMoneyApiApplication using Java 22 with PID 18160 (C:\Users\zarip\IdeaProjects\TransferMoneyAPI\target\classes started by zarip in C:\Users\zarip\IdeaProjects\TransferMoneyAPI)
2024-07-28 15:58:12.128 [main] DEBUG r.n.T.TransferMoneyApiApplication - Running with Spring Boot v3.2.5, Spring v6.1.6
2024-07-28 15:58:12.129 [main] INFO  r.n.T.TransferMoneyApiApplication - No active profile set, falling back to 1 default profile: "default"
2024-07-28 15:58:16.479 [main] INFO  o.s.b.w.e.tomcat.TomcatWebServer - Tomcat initialized with port 8081 (http)
2024-07-28 15:58:16.504 [main] INFO  o.a.coyote.http11.Http11NioProtocol - Initializing ProtocolHandler ["http-nio-8081"]
2024-07-28 15:58:16.508 [main] INFO  o.a.catalina.core.StandardService - Starting service [Tomcat]
2024-07-28 15:58:16.509 [main] INFO  o.a.catalina.core.StandardEngine - Starting Servlet engine: [Apache Tomcat/10.1.20]
2024-07-28 15:58:16.693 [main] INFO  o.a.c.c.C.[Tomcat].[localhost].[/] - Initializing Spring embedded WebApplicationContext
2024-07-28 15:58:16.697 [main] INFO  o.s.b.w.s.c.ServletWebServerApplicationContext - Root WebApplicationContext: initialization completed in 4430 ms
2024-07-28 15:58:18.150 [main] INFO  o.s.b.a.e.web.EndpointLinksResolver - Exposing 1 endpoint(s) beneath base path '/actuator'
2024-07-28 15:58:18.296 [main] INFO  o.a.coyote.http11.Http11NioProtocol - Starting ProtocolHandler ["http-nio-8081"]
2024-07-28 15:58:18.378 [main] INFO  o.s.b.w.e.tomcat.TomcatWebServer - Tomcat started on port 8081 (http) with context path ''
2024-07-28 15:58:18.404 [main] INFO  r.n.T.TransferMoneyApiApplication - Started TransferMoneyApiApplication in 8.548 seconds (process running for 9.84)
2024-07-28 16:02:36.841 [background-preinit] INFO  o.h.validator.internal.util.Version - HV000001: Hibernate Validator 8.0.1.Final
2024-07-28 16:02:38.972 [main] INFO  r.n.T.TransferMoneyApiApplication - Starting TransferMoneyApiApplication using Java 22 with PID 12936 (C:\Users\zarip\IdeaProjects\TransferMoneyAPI\target\classes started by zarip in C:\Users\zarip\IdeaProjects\TransferMoneyAPI)
2024-07-28 16:02:38.973 [main] DEBUG r.n.T.TransferMoneyApiApplication - Running with Spring Boot v3.2.5, Spring v6.1.6
2024-07-28 16:02:38.974 [main] INFO  r.n.T.TransferMoneyApiApplication - No active profile set, falling back to 1 default profile: "default"
2024-07-28 16:03:02.777 [main] INFO  o.s.b.w.e.tomcat.TomcatWebServer - Tomcat initialized with port 8081 (http)
2024-07-28 16:03:03.591 [main] INFO  o.a.coyote.http11.Http11NioProtocol - Initializing ProtocolHandler ["http-nio-8081"]
2024-07-28 16:03:03.781 [main] INFO  o.a.catalina.core.StandardService - Starting service [Tomcat]
2024-07-28 16:03:03.781 [main] INFO  o.a.catalina.core.StandardEngine - Starting Servlet engine: [Apache Tomcat/10.1.20]
2024-07-28 16:03:04.743 [main] INFO  o.a.c.c.C.[Tomcat].[localhost].[/] - Initializing Spring embedded WebApplicationContext
2024-07-28 16:03:04.745 [main] INFO  o.s.b.w.s.c.ServletWebServerApplicationContext - Root WebApplicationContext: initialization completed in 24255 ms
2024-07-28 16:03:08.288 [main] INFO  o.s.b.a.e.web.EndpointLinksResolver - Exposing 1 endpoint(s) beneath base path '/actuator'
2024-07-28 16:03:08.454 [main] INFO  o.a.coyote.http11.Http11NioProtocol - Starting ProtocolHandler ["http-nio-8081"]
2024-07-28 16:03:08.539 [main] INFO  o.s.b.w.e.tomcat.TomcatWebServer - Tomcat started on port 8081 (http) with context path ''
2024-07-28 16:03:08.567 [main] INFO  r.n.T.TransferMoneyApiApplication - Started TransferMoneyApiApplication in 34.073 seconds (process running for 35.351)
